<?xml version="1.0" encoding="UTF-8"?>
<!-- Generated by org.testng.reporters.JUnitReportReporter -->
<testsuite skipped="0" hostname="Ravi-PC" name="testScript.TestLogin" tests="3" failures="0" timestamp="20 Aug 2018 15:04:12 GMT" time="47.368" errors="0">
  <testcase name="testValidUnPw" time="13.354" classname="testScript.TestLogin"/>
  <testcase name="testInvalidun" time="17.751" classname="testScript.TestLogin"/>
  <testcase name="Invalidpwd" time="16.263" classname="testScript.TestLogin"/>
</testsuite> <!-- testScript.TestLogin -->
